"../../../Engine/Content/Functions/Engine_MaterialFunctions01/Opacity/CameraDepthFade.uasset" 0
"../../../Engine/Content/EngineMaterials/T_Default_Material_Grid_M.uasset" 1
"../../../Engine/Content/EngineMaterials/T_Default_Material_Grid_N.uasset" 2
"../../../Engine/Content/EngineMaterials/WorldGridMaterial.uasset" 3
"../../../Engine/Content/ArtTools/RenderToTexture/Meshes/S_1_Unit_Plane.uasset" 4
"../../../Engine/Content/EngineMaterials/DefaultMaterial.uasset" 5
"../../../Engine/Content/BasicShapes/Cone.uasset" 6
"../../../Engine/Content/Functions/Engine_MaterialFunctions02/Utility/VectorLength.uasset" 7
"../../../Engine/Content/Functions/Engine_MaterialFunctions01/Opacity/Chroma_Key_Alpha.uasset" 8
"../../../demon/Content/aseti/materijali/crni.uasset" 9
"../../../Engine/Content/BasicShapes/Cube.uasset" 10
"../../../Engine/Content/BasicShapes/Cylinder.uasset" 11
"../../../Engine/Content/BasicShapes/Plane.uasset" 12
"../../../Engine/Content/BasicShapes/Sphere.uasset" 13
"../../../Engine/Content/EngineMaterials/DefaultPhysicalMaterial.uasset" 14
"../../../Engine/Content/BufferVisualization/AmbientOcclusion.uasset" 15
"../../../Engine/Content/BufferVisualization/BaseColor.uasset" 16
"../../../Engine/Content/BufferVisualization/CustomDepth.uasset" 17
"../../../Engine/Content/BufferVisualization/CustomDepthWorldUnits.uasset" 18
"../../../Engine/Content/Functions/Engine_MaterialFunctions02/Utility/BreakOutFloat2Components.uasset" 19
"../../../Engine/Content/Functions/Engine_MaterialFunctions01/Texturing/ScaleUVsByCenter.uasset" 20
"../../../Engine/Content/Functions/Engine_MaterialFunctions02/ScreenResolution.uasset" 21
"../../../Engine/Content/Functions/Engine_MaterialFunctions02/Texturing/ScreenAlignedUVs.uasset" 22
"../../../Engine/Content/Functions/Engine_MaterialFunctions02/Utility/MakeFloat2.uasset" 23
"../../../Engine/Content/Functions/Engine_MaterialFunctions02/Utility/MakeFloat3.uasset" 24
"../../../Engine/Content/EngineMaterials/MiniFont.uasset" 25
"../../../Engine/Content/BufferVisualization/CustomStencil.uasset" 26
"../../../Engine/Content/BufferVisualization/FinalImage.uasset" 27
"../../../Engine/Content/BufferVisualization/LightingModel.uasset" 28
"../../../Engine/Content/BufferVisualization/MaterialAO.uasset" 29
"../../../Engine/Content/BufferVisualization/Metallic.uasset" 30
"../../../Engine/Content/BufferVisualization/Opacity.uasset" 31
"../../../Engine/Content/BufferVisualization/PostTonemapHDRColor.uasset" 32
"../../../Engine/Content/BufferVisualization/PreTonemapHDRColor.uasset" 33
"../../../Engine/Content/BufferVisualization/Roughness.uasset" 34
"../../../Engine/Content/BufferVisualization/SceneColor.uasset" 35
"../../../Engine/Content/BufferVisualization/SceneDepth.uasset" 36
"../../../Engine/Content/BufferVisualization/SceneDepthWorldUnits.uasset" 37
"../../../Engine/Content/BufferVisualization/SeparateTranslucencyA.uasset" 38
"../../../Engine/Content/BufferVisualization/SeparateTranslucencyRGB.uasset" 39
"../../../Engine/Content/BufferVisualization/Specular.uasset" 40
"../../../Engine/Content/BufferVisualization/SubsurfaceColor.uasset" 41
"../../../Engine/Content/BufferVisualization/WorldNormal.uasset" 42
"../../../Engine/Content/EditorBlueprintResources/ActorMacros.uasset" 43
"../../../Engine/Content/EditorLandscapeResources/DataLayer.uasset" 44
"../../../Engine/Content/EditorLandscapeResources/DefaultAlphaTexture.uasset" 45
"../../../Engine/Content/EditorLandscapeResources/LandscapeGizmoHeight_Mat.uasset" 46
"../../../Engine/Content/EditorLandscapeResources/LandscapeGizmo_Mat.uasset" 47
"../../../Engine/Content/EditorLandscapeResources/LandscapeGizmo_Mat_Copied.uasset" 48
"../../../Engine/Content/EditorLandscapeResources/SplineEditorMeshMat.uasset" 49
"../../../Engine/Content/EditorLandscapeResources/SplineEditorMesh.uasset" 50
"../../../Engine/Content/EditorMaterials/Cross.uasset" 51
"../../../Engine/Content/EditorMaterials/Cross_Mat.uasset" 52
"../../../Engine/Content/EditorMaterials/GizmoMaterial.uasset" 53
"../../../Engine/Content/Functions/Engine_MaterialFunctions02/Utility/Sign.uasset" 54
"../../../Engine/Content/Functions/Engine_MaterialFunctions02/Utility/Round.uasset" 55
"../../../Engine/Content/Functions/Engine_MaterialFunctions02/ExampleContent/Textures/flipbook.uasset" 56
"../../../Engine/Content/Functions/Engine_MaterialFunctions02/Texturing/FlipBook.uasset" 57
"../../../Engine/Content/EditorResources/T_EditorHelp.uasset" 58
"../../../Engine/Content/EditorMaterials/HelpActorMaterial.uasset" 59
"../../../Engine/Content/EditorMaterials/CompositeARGBLayer.uasset" 60
"../../../Engine/Content/EditorMaterials/TilingAALineIntegral.uasset" 61
"../../../Engine/Content/EditorMaterials/TilingAALineBoxFiltered.uasset" 62
"../../../Engine/Content/Functions/Engine_MaterialFunctions03/Procedurals/ComputeFilterWidth.uasset" 63
"../../../Engine/Content/EditorMaterials/TilingAADots.uasset" 64
"../../../Engine/Content/EditorMaterials/Cascade/CASC_Cross.uasset" 65
"../../../Engine/Content/EditorMaterials/Cascade/CASC_None.uasset" 66
"../../../Engine/Content/Functions/Engine_MaterialFunctions03/Blends/Blend_Screen.uasset" 67
"../../../Engine/Content/EditorMaterials/TilingAAGrid.uasset" 68
"../../../Engine/Content/EditorMaterials/LevelGridMaterial.uasset" 69
"../../../Engine/Content/EditorMaterials/MakeCompositeARGBLayer.uasset" 70
"../../../Engine/Content/EditorResources/LevelGrid1DStripes.uasset" 71
"../../../Engine/Content/EditorMaterials/TextureGridCascaded1D.uasset" 72
"../../../Engine/Content/EditorMaterials/TextureGridCascaded2D.uasset" 73
"../../../Engine/Content/EditorMaterials/LevelGridMaterial2.uasset" 74
"../../../Engine/Content/EditorMaterials/MAT_Groups_Toggle.uasset" 75
"../../../Engine/Content/EditorMaterials/MAT_Groups_Visibility.uasset" 76
"../../../Engine/Content/EditorMaterials/PhAT_BoneSelectedMaterial.uasset" 77
"../../../Engine/Content/EditorMaterials/PhAT_ElemSelectedMaterial.uasset" 78
"../../../Engine/Content/EditorMaterials/PhAT_NoCollisionMaterial.uasset" 79
"../../../Engine/Content/EditorMaterials/PhAT_UnselectedMaterial.uasset" 80
"../../../Engine/Content/EditorMaterials/PreviewShadowIndicator.uasset" 81
"../../../Engine/Content/EditorMaterials/PreviewShadowIndicatorMaterial.uasset" 82
"../../../Engine/Content/EditorMaterials/TargetIcon.uasset" 83
"../../../Engine/Content/EditorMaterials/Tick.uasset" 84
"../../../Engine/Content/EditorMaterials/Tick_Mat.uasset" 85
"../../../Engine/Content/EditorMaterials/WidgetGridVertexColorMaterial.uasset" 86
"../../../Engine/Content/EditorMaterials/WidgetGridVertexColorMaterial_Ma.uasset" 87
"../../../Engine/Content/EditorMaterials/WidgetMaterial.uasset" 88
"../../../Engine/Content/EditorMaterials/WidgetMaterial_Current.uasset" 89
"../../../Engine/Content/EditorMaterials/WidgetMaterial_X.uasset" 90
"../../../Engine/Content/EditorMaterials/WidgetMaterial_Y.uasset" 91
"../../../Engine/Content/EditorMaterials/WidgetMaterial_Z.uasset" 92
"../../../Engine/Content/EditorMaterials/WidgetVertexColorMaterial.uasset" 93
"../../../Engine/Content/EditorMaterials/AssetViewer/EpicQuadPanorama_CC+EV1.uasset" 94
"../../../Engine/Content/EditorMaterials/MatineeGroups/MAT_ColorTrack.uasset" 95
"../../../Engine/Content/EditorMaterials/MatineeGroups/MAT_Groups_Anim.uasset" 96
"../../../Engine/Content/EditorMaterials/MatineeGroups/MAT_Groups_AudioMaster.uasset" 97
"../../../Engine/Content/EditorMaterials/MatineeGroups/MAT_Groups_Director.uasset" 98
"../../../Engine/Content/EditorMaterials/MatineeGroups/MAT_Groups_Event.uasset" 99
"../../../Engine/Content/EditorMaterials/MatineeGroups/MAT_Groups_Fade.uasset" 100
"../../../Engine/Content/EditorMaterials/MatineeGroups/MAT_Groups_Float.uasset" 101
"../../../Engine/Content/EditorMaterials/MatineeGroups/MAT_Groups_Move.uasset" 102
"../../../Engine/Content/EditorMaterials/MatineeGroups/MAT_Groups_Slomo.uasset" 103
"../../../Engine/Content/EditorMaterials/MatineeGroups/MAT_Groups_Sound.uasset" 104
"../../../Engine/Content/EditorMaterials/MatineeGroups/MAT_Groups_Vector.uasset" 105
"../../../Engine/Content/EditorMaterials/ParticleSystems/PSysThumbnail_NoImage.uasset" 106
"../../../Engine/Content/EditorMaterials/ParticleSystems/PSysThumbnail_OOD.uasset" 107
"../../../Engine/Content/EngineMaterials/Grid.uasset" 108
"../../../Engine/Content/EditorMaterials/Thumbnails/FloorPlaneMaterial.uasset" 109
"../../../Engine/Content/EditorMeshes/EditorCylinder.uasset" 110
"../../../Engine/Content/EditorMeshes/EditorPlane.uasset" 111
"../../../Engine/Content/EditorMaterials/Thumbnails/SkySphereMaterial.uasset" 112
"../../../Engine/Content/EditorMeshes/EditorSkySphere.uasset" 113
"../../../Engine/Content/EditorMeshes/EditorSphere.uasset" 114
"../../../Engine/Content/EditorResources/MatineeCam_D.uasset" 115
"../../../Engine/Content/EditorMaterials/MatineeCam_mat.uasset" 116
"../../../Engine/Content/EditorMeshes/MatineeCam_SM.uasset" 117
"../../../Engine/Content/EditorMaterials/Camera/CineMat.uasset" 118
"../../../Engine/Content/EditorMaterials/Camera/MI_CineMat_CameraBody.uasset" 119
"../../../Engine/Content/EngineDebugMaterials/M_SimpleOpaque.uasset" 120
"../../../Engine/Content/EditorMaterials/Camera/MI_CineMat_CamViewFinder.uasset" 121
"../../../Engine/Content/EditorMeshes/Camera/SM_CineCam.uasset" 122
"../../../Engine/Content/EditorMaterials/Camera/MI_CineMat_Rig.uasset" 123
"../../../Engine/Content/EditorMeshes/Camera/SM_CraneRig_Arm.uasset" 124
"../../../Engine/Content/EditorMeshes/Camera/SM_CraneRig_Base.uasset" 125
"../../../Engine/Content/EditorMeshes/Camera/SM_CraneRig_Body.uasset" 126
"../../../Engine/Content/EditorMeshes/Camera/SM_CraneRig_Mount.uasset" 127
"../../../Engine/Content/EditorMeshes/Camera/SM_RailRig_Mount.uasset" 128
"../../../Engine/Content/EditorMeshes/Camera/SM_RailRig_Track.uasset" 129
"../../../Engine/Content/EditorMeshes/ColorCalibrator/M_ChromeBall.uasset" 130
"../../../Engine/Content/EditorMeshes/ColorCalibrator/M_ClearCoat.uasset" 131
"../../../Engine/Content/EditorMeshes/ColorCalibrator/M_ClearCoatBlack.uasset" 132
"../../../Engine/Content/EditorMeshes/ColorCalibrator/T_ColorGrid.uasset" 133
"../../../Engine/Content/EditorMeshes/ColorCalibrator/M_ColorGrid.uasset" 134
"../../../Engine/Content/EditorMeshes/ColorCalibrator/M_GreyBall.uasset" 135
"../../../Engine/Content/EditorMeshes/ColorCalibrator/SM_ColorCalibrator.uasset" 136
"../../../Engine/Content/EditorResources/Bad.uasset" 137
"../../../Engine/Content/EditorResources/BSPVertex.uasset" 138
"../../../Engine/Content/EditorResources/EmptyActor.uasset" 139
"../../../Engine/Content/EditorResources/MatInstActSprite.uasset" 140
"../../../Engine/Content/EditorResources/SceneManager.uasset" 141
"../../../Engine/Content/EditorResources/SmallFont.uasset" 142
"../../../Engine/Content/EditorResources/S_Actor.uasset" 143
"../../../Engine/Content/EditorResources/S_DecalActorIcon.uasset" 144
"../../../Engine/Content/EditorResources/S_Emitter.uasset" 145
"../../../Engine/Content/EditorResources/S_ExpoHeightFog.uasset" 146
"../../../Engine/Content/EditorResources/S_FTest.uasset" 147
"../../../Engine/Content/EditorResources/S_KBSJoint.uasset" 148
"../../../Engine/Content/EditorResources/S_KHinge.uasset" 149
"../../../Engine/Content/EditorResources/S_KPrismatic.uasset" 150
"../../../Engine/Content/EditorResources/S_LevelSequence.uasset" 151
"../../../Engine/Content/EditorResources/S_NavP.uasset" 152
"../../../Engine/Content/EditorResources/S_Note.uasset" 153
"../../../Engine/Content/EditorResources/S_Player.uasset" 154
"../../../Engine/Content/EditorResources/S_PortalActorIcon2.uasset" 155
"../../../Engine/Content/EditorResources/S_RadForce.uasset" 156
"../../../Engine/Content/EditorResources/S_ReflActorIcon.uasset" 157
"../../../Engine/Content/EditorResources/S_Terrain.uasset" 158
"../../../Engine/Content/EditorResources/S_TextRenderActorIcon.uasset" 159
"../../../Engine/Content/EditorResources/S_Thruster.uasset" 160
"../../../Engine/Content/EditorResources/S_Trigger.uasset" 161
"../../../Engine/Content/EditorResources/S_VectorFieldVol.uasset" 162
"../../../Engine/Content/EditorResources/S_WindDirectional.uasset" 163
"../../../Engine/Content/EditorResources/AI/S_NavLink.uasset" 164
"../../../Engine/Content/EditorResources/LightIcons/SkyLight.uasset" 165
"../../../Engine/Content/EditorResources/LightIcons/S_LightDirectional.uasset" 166
"../../../Engine/Content/EditorResources/LightIcons/S_LightDirectionalMove.uasset" 167
"../../../Engine/Content/EditorResources/LightIcons/S_LightError.uasset" 168
"../../../Engine/Content/EditorResources/LightIcons/S_LightPoint.uasset" 169
"../../../Engine/Content/EditorResources/LightIcons/S_LightPointMove.uasset" 170
"../../../Engine/Content/EditorResources/LightIcons/S_LightSpot.uasset" 171
"../../../Engine/Content/EditorResources/LightIcons/S_LightSpotMove.uasset" 172
"../../../Engine/Content/EditorResources/SequenceRecorder/Countdown.uasset" 173
"../../../Engine/Content/EditorResources/SequenceRecorder/RecordingIndicator.uasset" 174
"../../../Engine/Content/EditorResources/Spline/T_Loft_Spline.uasset" 175
"../../../Engine/Content/EditorSounds/Notifications/CompileFailed.uasset" 176
"../../../Engine/Content/EditorSounds/Notifications/CompileFailed_Cue.uasset" 177
"../../../Engine/Content/EditorSounds/Notifications/CompileSuccess.uasset" 178
"../../../Engine/Content/EditorSounds/Notifications/CompileStart_Cue.uasset" 179
"../../../Engine/Content/EditorSounds/Notifications/CompileSuccess_Cue.uasset" 180
"../../../Engine/Content/EngineDamageTypes/DmgTypeBP_Environmental.uasset" 181
"../../../Engine/Content/EngineDebugMaterials/HeatmapGradient.uasset" 182
"../../../Engine/Content/EngineDebugMaterials/BoneWeightMaterial.uasset" 183
"../../../Engine/Content/EngineDebugMaterials/ClothMaterial.uasset" 184
"../../../Engine/Content/EngineDebugMaterials/DebugMeshMaterial.uasset" 185
"../../../Engine/Content/EngineDebugMaterials/GeomMaterial.uasset" 186
"../../../Engine/Content/Functions/Engine_MaterialFunctions01/Shading/ConvertFromDiffSpec.uasset" 187
"../../../Engine/Content/EngineDebugMaterials/LevelColorationLitMaterial.uasset" 188
"../../../Engine/Content/EngineDebugMaterials/LevelColorationUnlitMaterial.uasset" 189
"../../../Engine/Content/EngineMaterials/DefaultWhiteGrid.uasset" 190
"../../../Engine/Content/EngineDebugMaterials/MAT_LevelColorationLitLightmapUV.uasset" 191
"../../../Engine/Content/EngineDebugMaterials/M_SimpleTranslucent.uasset" 192
"../../../Engine/Content/EngineDebugMaterials/ShadedLevelColorationLitMaterial.uasset" 193
"../../../Engine/Content/EngineDebugMaterials/ShadedLevelColorationUnlitMateri.uasset" 194
"../../../Engine/Content/EngineDebugMaterials/VertexColorMaterial.uasset" 195
"../../../Engine/Content/EngineDebugMaterials/VertexColorViewMode_AlphaAsColor.uasset" 196
"../../../Engine/Content/EngineDebugMaterials/VertexColorViewMode_BlueOnly.uasset" 197
"../../../Engine/Content/EngineDebugMaterials/VertexColorViewMode_ColorOnly.uasset" 198
"../../../Engine/Content/EngineDebugMaterials/VertexColorViewMode_GreenOnly.uasset" 199
"../../../Engine/Content/EngineDebugMaterials/VertexColorViewMode_RedOnly.uasset" 200
"../../../Engine/Content/EngineDebugMaterials/WireframeMaterial.uasset" 201
"../../../Engine/Content/EngineFonts/Faces/RobotoBold.uasset" 202
"../../../Engine/Content/EngineFonts/Faces/RobotoBoldItalic.uasset" 203
"../../../Engine/Content/EngineFonts/Faces/RobotoItalic.uasset" 204
"../../../Engine/Content/EngineFonts/Faces/RobotoLight.uasset" 205
"../../../Engine/Content/EngineFonts/Faces/RobotoRegular.uasset" 206
"../../../Engine/Content/EngineFonts/Roboto.uasset" 207
"../../../Engine/Content/EngineFonts/Faces/RobotoTiny.uasset" 208
"../../../Engine/Content/EngineFonts/RobotoTiny.uasset" 209
"../../../Engine/Content/EngineFonts/SmallFont.uasset" 210
"../../../Engine/Content/EngineFonts/TinyFont.uasset" 211
"../../../Engine/Content/EngineResources/WhiteSquareTexture.uasset" 212
"../../../Engine/Content/EngineMaterials/BlinkingCaret.uasset" 213
"../../../Engine/Content/EngineMaterials/DefaultBloomKernel.uasset" 214
"../../../Engine/Content/EngineMaterials/DefaultBokeh.uasset" 215
"../../../Engine/Content/EngineMaterials/DefaultDiffuse.uasset" 216
"../../../Engine/Content/EngineMaterials/DefaultDeferredDecalMaterial.uasset" 217
"../../../Engine/Content/EngineMaterials/DefaultLightFunctionMaterial.uasset" 218
"../../../Engine/Content/EngineMaterials/DefaultNormal.uasset" 219
"../../../Engine/Content/EngineMaterials/DefaultPostProcessMaterial.uasset" 220
"../../../Engine/Content/EngineFonts/RobotoDistanceField.uasset" 221
"../../../Engine/Content/EngineMaterials/DefaultTextMaterialOpaque.uasset" 222
"../../../Engine/Content/EngineMaterials/EditorBrushMaterial.uasset" 223
"../../../Engine/Content/EngineMaterials/Good64x64TilingNoiseHighFreq.uasset" 224
"../../../Engine/Content/EngineMaterials/Grid_N.uasset" 225
"../../../Engine/Content/EngineMaterials/HighResolutionScreenshotMaskFunction.uasset" 226
"../../../Engine/Content/EngineMaterials/HighResScreenshot.uasset" 227
"../../../Engine/Content/EngineMaterials/HighResScreenshotCaptureRegion.uasset" 228
"../../../Engine/Content/EngineMaterials/HighResScreenshotMask.uasset" 229
"../../../Engine/Content/EngineMaterials/LandscapeHolePhysicalMaterial.uasset" 230
"../../../Engine/Content/EngineMaterials/InvalidLightmapSettings.uasset" 231
"../../../Engine/Content/EngineMaterials/M_InvalidLightmapSettings.uasset" 232
"../../../Engine/Content/EngineMaterials/PaperDiffuse.uasset" 233
"../../../Engine/Content/EngineMaterials/PaperNormal.uasset" 234
"../../../Engine/Content/EngineMaterials/PhAT_JointLimitMaterial.uasset" 235
"../../../Engine/Content/EngineMaterials/PhysMat_Rubber.uasset" 236
"../../../Engine/Content/EngineMaterials/PreintegratedSkinBRDF.uasset" 237
"../../../Engine/Content/EngineMaterials/RemoveSurfaceMaterial.uasset" 238
"../../../Engine/Content/EngineMaterials/WeightMapPlaceholderTexture.uasset" 239
"../../../Engine/Content/EngineMaterials/Widget3DPassThrough.uasset" 240
"../../../Engine/Content/EngineMaterials/Widget3DPassThrough_Masked.uasset" 241
"../../../Engine/Content/EngineMaterials/Widget3DPassThrough_Opaque.uasset" 242
"../../../Engine/Content/EngineMaterials/Widget3DPassThrough_Masked_OneSided.uasset" 243
"../../../Engine/Content/EngineMaterials/Widget3DPassThrough_Opaque_OneSided.uasset" 244
"../../../Engine/Content/EngineMaterials/Widget3DPassThrough_Translucent.uasset" 245
"../../../Engine/Content/EngineMaterials/Widget3DPassThrough_Translucent_OneSided.uasset" 246
"../../../Engine/Content/EngineMeshes/Cube.uasset" 247
"../../../Engine/Content/EngineMeshes/Cylinder.uasset" 248
"../../../Engine/Content/EngineMeshes/Sphere.uasset" 249
"../../../Engine/Content/EngineResources/Black.uasset" 250
"../../../Engine/Content/EngineResources/DefaultTexture.uasset" 251
"../../../Engine/Content/EngineResources/DefaultTextureCube.uasset" 252
"../../../Engine/Content/EngineResources/GradientTexture0.uasset" 253
"../../../Engine/Content/EngineResources/StreamingPauseIcon.uasset" 254
"../../../Engine/Content/EngineResources/M_StreamingPause.uasset" 255
"../../../Engine/Content/EngineSounds/Master.uasset" 256
"../../../Engine/Content/Functions/Engine_MaterialFunctions01/Shading/PowerToRoughness.uasset" 257
"../../../Engine/Content/Maps/Templates/Thumbnails/Default.uasset" 258
"../../../Engine/Content/Maps/Templates/Thumbnails/VR-Basic.uasset" 259
"../../../Engine/Content/MapTemplates/Sky/DaylightAmbientCubemap.uasset" 260
"../../../Engine/Content/MobileResources/T_MobileControls_texture.uasset" 261
"../../../Engine/Content/MobileResources/T_MobileMenu2.uasset" 262
"../../../Engine/Content/MobileResources/HUD/AnalogHat.uasset" 263
"../../../Engine/Content/MobileResources/HUD/VirtualJoystick_Background.uasset" 264
"../../../Engine/Content/MobileResources/HUD/VirtualJoystick_Thumb.uasset" 265
"../../../Engine/Content/MobileResources/HUD/DefaultVirtualJoysticks.uasset" 266
"../../../Engine/Content/MobileResources/HUD/LeftVirtualJoystickOnly.uasset" 267
"../../../Engine/Content/MobileResources/HUD/MobileHUDButton1_off.uasset" 268
"../../../Engine/Content/MobileResources/HUD/MobileHUDButton1_on.uasset" 269
"../../../Engine/Content/MobileResources/HUD/MobileHUDButton2_off.uasset" 270
"../../../Engine/Content/MobileResources/HUD/MobileHUDButton2_on.uasset" 271
"../../../Engine/Content/MobileResources/HUD/MobileHUDButton3.uasset" 272
"../../../Engine/Content/MobileResources/HUD/MobileHUDButtonFire.uasset" 273
"../../../Engine/Content/MobileResources/HUD/MobileHUDDirectionPad.uasset" 274
"../../../Engine/Content/MobileResources/HUD/MobileHUDDirectionPad2.uasset" 275
"../../../Engine/Content/MobileResources/HUD/MobileHUDDirectionPad3.uasset" 276
"../../../Engine/Content/MobileResources/HUD/MobileHUDDirectionStick.uasset" 277
"../../../Engine/Content/MobileResources/HUD/T_Castle_ThumbstickInner.uasset" 278
"../../../Engine/Content/MobileResources/HUD/T_Castle_ThumbstickOutter.uasset" 279
"../../../Engine/Content/Tutorial/ContentIntroCurve.uasset" 280
"../../../Engine/Content/Tutorial/Basics/TutorialAssets/icon_tab_Levels_40x.uasset" 281
"../../../Engine/Content/Tutorial/BlueprintTutorials/TutorialAssets/BlueprintInterface_64x.uasset" 282
"../../../Engine/Content/Tutorial/BlueprintTutorials/TutorialAssets/BlueprintMacroLibrary_64x.uasset" 283
"../../../Engine/Content/Tutorial/BlueprintTutorials/TutorialAssets/Blueprint_64x.uasset" 284
"../../../Engine/Content/Tutorial/BlueprintTutorials/TutorialAssets/Tutorial_BP_Interface.uasset" 285
"../../../Engine/Content/Tutorial/Foliage/TutorialAssets/Foliage.uasset" 286
"../../../Engine/Content/Tutorial/Landscape/TutorialAssets/Landscape.uasset" 287
"../../../Engine/Content/Tutorial/Paper2D/TutorialAssets/Paper2DFlipbook_TutorialIcon.uasset" 288
"../../../Engine/Content/Tutorial/Paper2D/TutorialAssets/Paper2DSprite_TutorialIcon.uasset" 289
"../../../Engine/Content/Tutorial/SubEditors/TutorialAssets/icon_Editor_Preferences_General_40x.uasset" 290
"../../../Engine/Content/Tutorial/SubEditors/TutorialAssets/icon_ShowSkeletalMeshes_40x.uasset" 291
"../../../Engine/Content/Tutorial/SubEditors/TutorialAssets/TutorialMaterial.uasset" 292
"../../../Engine/Content/Tutorial/SubEditors/TutorialAssets/T_SmokeSubUV_8X8.uasset" 293
"../../../Engine/Content/Tutorial/SubEditors/TutorialAssets/T_soft_smoke.uasset" 294
"../../../Engine/Content/Tutorial/SubEditors/TutorialAssets/M_smoke_subUV_blackbody.uasset" 295
"../../../Engine/Content/Tutorial/SubEditors/TutorialAssets/TutorialParticleSystem.uasset" 296
"../../../Engine/Content/EditorMeshes/EditorCube.uasset" 297
"../../../Engine/Content/Tutorial/SubEditors/TutorialAssets/Tutorial_DM.uasset" 298
"../../../Engine/Content/VREditor/Devices/Generic/GenericHMDMaterial.uasset" 299
"../../../Engine/Content/VREditor/Devices/Generic/GenericHMD.uasset" 300
"../../../Engine/Content/VREditor/FloatingText/LineMaterial.uasset" 301
"../../../Engine/Content/VREditor/FloatingText/JointSphere.uasset" 302
"../../../Engine/Content/VREditor/FloatingText/LineSegmentCylinder.uasset" 303
"../../../Engine/Content/VREditor/Fonts/VRText_RobotoLarge.uasset" 304
"../../../Engine/Content/VREditor/Fonts/VRTextMaterial.uasset" 305
"../../../Engine/Content/VREditor/Fonts/TranslucentVRTextMaterial.uasset" 306
"../../../Engine/Content/VREditor/LaserPointer/VR_LaserPower_01.uasset" 307
"../../../Engine/Content/VREditor/TransformGizmo/TransformGizmoMaterial.uasset" 308
"../../../Engine/Content/VREditor/LaserPointer/HoverMaterial.uasset" 309
"../../../Engine/Content/VREditor/TransformGizmo/TranslucentTransformGizmoMaterial.uasset" 310
"../../../Engine/Content/VREditor/LaserPointer/TranslucentHoverMaterial.uasset" 311
"../../../Engine/Content/VREditor/LaserPointer/HoverMesh.uasset" 312
"../../../Engine/Content/VREditor/LaserPointer/LaserPointerMaterial.uasset" 313
"../../../Engine/Content/VREditor/LaserPointer/LaserPointerMaterialInst.uasset" 314
"../../../Engine/Content/VREditor/LaserPointer/TranslucentLaserPointerMaterialInst.uasset" 315
"../../../Engine/Content/VREditor/LaserPointer/LaserPointerMesh.uasset" 316
"../../../Engine/Content/VREditor/LaserPointer/LaserPointerMesh_End.uasset" 317
"../../../Engine/Content/VREditor/LaserPointer/LaserPointerMesh_Start.uasset" 318
"../../../Engine/Content/Functions/Engine_MaterialFunctions02/Utility/BreakOutFloat3Components.uasset" 319
"../../../Engine/Content/Functions/Engine_MaterialFunctions02/Math/Transform3x3Matrix.uasset" 320
"../../../Engine/Content/Functions/Engine_MaterialFunctions02/SplitComponents.uasset" 321
"../../../Engine/Content/VREditor/SnapGrid/SnapGridMaterial.uasset" 322
"../../../Engine/Content/VREditor/SnapGrid/SnapGridPlaneMesh.uasset" 323
"../../../Engine/Content/VREditor/Sounds/VR_teleport_Cue.uasset" 324
"../../../Engine/Content/VREditor/Sounds/UI/Click_on_Button_Cue.uasset" 325
"../../../Engine/Content/VREditor/Sounds/UI/Dockable_Window_Close.uasset" 326
"../../../Engine/Content/VREditor/Sounds/UI/Dockable_Window_Drop.uasset" 327
"../../../Engine/Content/VREditor/Sounds/UI/Dockable_Window_Open.uasset" 328
"../../../Engine/Content/VREditor/Sounds/UI/Dockable_Window_Pick_Up.uasset" 329
"../../../Engine/Content/VREditor/Sounds/UI/Drop_Item_From_ContentBrowser.uasset" 330
"../../../Engine/Content/VREditor/Sounds/UI/Floating_UI_Open-001.uasset" 331
"../../../Engine/Content/VREditor/Sounds/UI/Gizmo_Handle_Clicked.uasset" 332
"../../../Engine/Content/VREditor/Sounds/UI/Object_PickUp.uasset" 333
"../../../Engine/Content/VREditor/Sounds/UI/Object_Snaps_To_Another_Actor.uasset" 334
"../../../Engine/Content/VREditor/Sounds/UI/Object_Snaps_To_Grid.uasset" 335
"../../../Engine/Content/VREditor/Sounds/UI/Radial_Menu_FadeOut.uasset" 336
"../../../Engine/Content/VREditor/Sounds/UI/Scaling_Down.uasset" 337
"../../../Engine/Content/VREditor/Sounds/UI/Scaling_Up.uasset" 338
"../../../Engine/Content/VREditor/Sounds/UI/Selection_Changes.uasset" 339
"../../../Engine/Content/VREditor/Sounds/UI/Teleport_Mode_Entered.uasset" 340
"../../../Engine/Content/VREditor/Teleport/TeleportDirectionMaterial.uasset" 341
"../../../Engine/Content/VREditor/Teleport/TeleportDirectionMaterial_Inst.uasset" 342
"../../../Engine/Content/VREditor/Teleport/TeleportDirectionMesh.uasset" 343
"../../../Engine/Content/VREditor/TransformGizmo/BoundingBoxCorner.uasset" 344
"../../../Engine/Content/VREditor/TransformGizmo/BoundingBoxEdge.uasset" 345
"../../../Engine/Content/VREditor/TransformGizmo/PlaneTranslationHandle.uasset" 346
"../../../Engine/Content/VREditor/TransformGizmo/RotationHandle.uasset" 347
"../../../Engine/Content/VREditor/TransformGizmo/RotationHandleFull.uasset" 348
"../../../Engine/Content/VREditor/TransformGizmo/RotationHandleIndicator.uasset" 349
"../../../Engine/Content/VREditor/TransformGizmo/RotationHandleQuarter.uasset" 350
"../../../Engine/Content/VREditor/TransformGizmo/Main.uasset" 351
"../../../Engine/Content/VREditor/TransformGizmo/Xray.uasset" 352
"../../../Engine/Content/VREditor/TransformGizmo/SM_Dialog_Close.uasset" 353
"../../../Engine/Content/VREditor/TransformGizmo/SM_Dialog_Move.uasset" 354
"../../../Engine/Content/VREditor/TransformGizmo/SM_Sequencer_Key.uasset" 355
"../../../Engine/Content/VREditor/TransformGizmo/StartRotationHandleIndicator.uasset" 356
"../../../Engine/Content/VREditor/TransformGizmo/TransformGizmoMaterial_Inst.uasset" 357
"../../../Engine/Content/VREditor/TransformGizmo/TranslateArrowHandle.uasset" 358
"../../../Engine/Content/VREditor/TransformGizmo/TranslationHandle.uasset" 359
"../../../Engine/Content/VREditor/TransformGizmo/TranslucentTransformGizmoMaterial_Inst.uasset" 360
"../../../Engine/Content/VREditor/TransformGizmo/UniformScaleHandle.uasset" 361
"../../../Engine/Content/VREditor/UI/KeyDiskMaterial.uasset" 362
"../../../Engine/Content/VREditor/UI/DiscMaterial.uasset" 363
"../../../Engine/Content/VREditor/UI/SM_Radial_Disk.uasset" 364
"../../../Engine/Content/Functions/Engine_MaterialFunctions01/Gradient/RadialGradient.uasset" 365
"../../../Engine/Content/VREditor/WorldMovementGrid/SimpleGrid.uasset" 366
"../../../Engine/Content/VREditor/WorldMovementGrid/GridMaterial.uasset" 367
"../../../Engine/Content/Functions/Engine_MaterialFunctions01/Density/ExponentialDensity.uasset" 368
"../../../Engine/Content/VREditor/WorldMovementGrid/GridPostProcess.uasset" 369
"../../../Engine/Content/EditorLandscapeResources/FlattenHeightMat.uasset" 370
"../../../Engine/Content/VREditor/WorldMovementGrid/PlaneMesh.uasset" 371
"../../../Engine/Content/ArtTools/RenderToTexture/Enums/RenderToTexture_Enum.uasset" 372
"../../../Engine/Content/ArtTools/RenderToTexture/Enums/RenderToTexture_Flipbook_Enum.uasset" 373
"../../../Engine/Content/ArtTools/RenderToTexture/Enums/RenderToTexture_Imposter_Enum.uasset" 374
"../../../Engine/Content/EditorBlueprintResources/StandardMacros.uasset" 375
"../../../Engine/Content/ArtTools/RenderToTexture/Enums/EIntTypes.uasset" 376
"../../../Engine/Content/ArtTools/RenderToTexture/Macros/RenderToTextureFunctionLibrary.uasset" 377
"../../../Engine/Content/ArtTools/RenderToTexture/Enums/EFloatTypes.uasset" 378
"../../../Engine/Content/ArtTools/RenderToTexture/Macros/RenderToTextureMacros.uasset" 379
"../../../Engine/Plugins/2D/Paper2D/Content/DummySprite.uasset" 380
"../../../Engine/Plugins/2D/Paper2D/Content/DefaultPaperTerrainMaterial.uasset" 381
"../../../Engine/Plugins/2D/Paper2D/Content/DefaultSpriteMaterial.uasset" 382
"../../../Engine/Plugins/2D/Paper2D/Content/MaskedUnlitSpriteMaterial.uasset" 383
"../../../Engine/Plugins/2D/Paper2D/Content/OpaqueUnlitSpriteMaterial.uasset" 384
"../../../Engine/Plugins/2D/Paper2D/Content/PlaceholderTextures/DummySpriteTexture.uasset" 385
"../../../Engine/Plugins/Runtime/GearVR/Content/Textures/GearVRController_AO.uasset" 386
"../../../Engine/Plugins/Runtime/GearVR/Content/Textures/GearVRController_Color.uasset" 387
"../../../Engine/Plugins/Runtime/GearVR/Content/Textures/GearVRController_Normal.uasset" 388
"../../../Engine/Plugins/Runtime/GearVR/Content/Materials/GearVRControllerMaterial.uasset" 389
"../../../Engine/Plugins/Runtime/GearVR/Content/Meshes/GearVrController.uasset" 390
"../../../Engine/Content/Maps/Entry.umap" 391
"../../../Engine/Plugins/2D/Paper2D/Content/TranslucentUnlitSpriteMaterial.uasset" 392
"../../../demon/Content/aseti/CrniLik/pucanje/metak/METAK_010001.uasset" 393
"../../../demon/Content/aseti/CrniLik/pucanje/metak/METAK_010001_Sprite.uasset" 394
"../../../demon/Content/aseti/CrniLik/pucanje/metak/METAK_010002.uasset" 395
"../../../demon/Content/aseti/CrniLik/pucanje/metak/METAK_010002_Sprite.uasset" 396
"../../../demon/Content/aseti/CrniLik/pucanje/metak/METAK_010003.uasset" 397
"../../../demon/Content/aseti/CrniLik/pucanje/metak/METAK_010003_Sprite.uasset" 398
"../../../demon/Content/aseti/CrniLik/pucanje/metak/METAK_010004.uasset" 399
"../../../demon/Content/aseti/CrniLik/pucanje/metak/METAK_010004_Sprite.uasset" 400
"../../../demon/Content/aseti/CrniLik/pucanje/metak/an_cl_metak.uasset" 401
"../../../demon/Content/aseti/CrniLik/pucanje/bp_pucanje/metak_1.uasset" 402
"../../../demon/Content/aseti/CrniLik/raspadanje/karakter---raspadanje_0000_Layer-7.uasset" 403
"../../../demon/Content/aseti/CrniLik/raspadanje/karakter---raspadanje_0000_Layer-7_Sprite.uasset" 404
"../../../demon/Content/aseti/CrniLik/raspadanje/karakter---raspadanje_0001_Layer-6.uasset" 405
"../../../demon/Content/aseti/CrniLik/raspadanje/karakter---raspadanje_0001_Layer-6_Sprite.uasset" 406
"../../../demon/Content/aseti/CrniLik/raspadanje/karakter---raspadanje_0002_Layer-5.uasset" 407
"../../../demon/Content/aseti/CrniLik/raspadanje/karakter---raspadanje_0002_Layer-5_Sprite.uasset" 408
"../../../demon/Content/aseti/CrniLik/raspadanje/karakter---raspadanje_0003_Layer-4.uasset" 409
"../../../demon/Content/aseti/CrniLik/raspadanje/karakter---raspadanje_0003_Layer-4_Sprite.uasset" 410
"../../../demon/Content/aseti/CrniLik/raspadanje/karakter---raspadanje_0004_Layer-3.uasset" 411
"../../../demon/Content/aseti/CrniLik/raspadanje/karakter---raspadanje_0004_Layer-3_Sprite.uasset" 412
"../../../demon/Content/aseti/CrniLik/raspadanje/karakter---raspadanje_0005_Layer-2.uasset" 413
"../../../demon/Content/aseti/CrniLik/raspadanje/karakter---raspadanje_0005_Layer-2_Sprite.uasset" 414
"../../../demon/Content/aseti/CrniLik/raspadanje/karakter---raspadanje_0006_Layer-1.uasset" 415
"../../../demon/Content/aseti/CrniLik/raspadanje/karakter---raspadanje_0006_Layer-1_Sprite.uasset" 416
"../../../demon/Content/aseti/CrniLik/raspadanje/raspadanje.uasset" 417
"../../../demon/Content/aseti/CrniLik/raspadanje/splas_iza/pucanje_metka0000.uasset" 418
"../../../demon/Content/aseti/CrniLik/raspadanje/splas_iza/pucanje_metka0000_Sprite.uasset" 419
"../../../demon/Content/aseti/CrniLik/raspadanje/splas_iza/pucanje_metka0001.uasset" 420
"../../../demon/Content/aseti/CrniLik/raspadanje/splas_iza/pucanje_metka0001_Sprite.uasset" 421
"../../../demon/Content/aseti/CrniLik/raspadanje/splas_iza/pucanje_metka0002.uasset" 422
"../../../demon/Content/aseti/CrniLik/raspadanje/splas_iza/pucanje_metka0002_Sprite.uasset" 423
"../../../demon/Content/aseti/CrniLik/raspadanje/splas_iza/pucanje_metka0003.uasset" 424
"../../../demon/Content/aseti/CrniLik/raspadanje/splas_iza/pucanje_metka0003_Sprite.uasset" 425
"../../../demon/Content/aseti/CrniLik/raspadanje/splas_iza/pucanje_metka0004.uasset" 426
"../../../demon/Content/aseti/CrniLik/raspadanje/splas_iza/pucanje_metka0004_Sprite.uasset" 427
"../../../demon/Content/aseti/CrniLik/raspadanje/splas_iza/pucanje_metka0005.uasset" 428
"../../../demon/Content/aseti/CrniLik/raspadanje/splas_iza/pucanje_metka0005_Sprite.uasset" 429
"../../../demon/Content/aseti/CrniLik/raspadanje/splas_iza/pucanje_metka0006.uasset" 430
"../../../demon/Content/aseti/CrniLik/raspadanje/splas_iza/pucanje_metka0006_Sprite.uasset" 431
"../../../demon/Content/aseti/CrniLik/raspadanje/splas_iza/splash_iza.uasset" 432
"../../../demon/Content/aseti/CrniLik/raspadanje/splas_iza/bp_splash.uasset" 433
"../../../demon/Content/aseti/CrniLik/pucanje/exp_metka/pucanje_metka0001.uasset" 434
"../../../demon/Content/aseti/CrniLik/pucanje/exp_metka/pucanje_metka0001_Sprite.uasset" 435
"../../../demon/Content/aseti/CrniLik/raspadanje/splas_iza/spashnazid.uasset" 436
"../../../demon/Content/aseti/CrniLik/trcanje-skok/skok_prasina/karakter_-_skok_-_dim_na_podu_0002.uasset" 437
"../../../demon/Content/aseti/CrniLik/trcanje-skok/skok_prasina/karakter_-_skok_-_dim_na_podu_0002_Sprite.uasset" 438
"../../../demon/Content/aseti/CrniLik/trcanje-skok/skok_prasina/karakter_-_skok_-_dim_na_podu_0003.uasset" 439
"../../../demon/Content/aseti/CrniLik/trcanje-skok/skok_prasina/karakter_-_skok_-_dim_na_podu_0003_Sprite.uasset" 440
"../../../demon/Content/aseti/CrniLik/trcanje-skok/skok_prasina/karakter_-_skok_-_dim_na_podu_0004.uasset" 441
"../../../demon/Content/aseti/CrniLik/trcanje-skok/skok_prasina/karakter_-_skok_-_dim_na_podu_0004_Sprite.uasset" 442
"../../../demon/Content/aseti/CrniLik/trcanje-skok/skok_prasina/karakter_-_skok_-_dim_na_podu_0005.uasset" 443
"../../../demon/Content/aseti/CrniLik/trcanje-skok/skok_prasina/karakter_-_skok_-_dim_na_podu_0005_Sprite.uasset" 444
"../../../demon/Content/aseti/CrniLik/trcanje-skok/skok_prasina/karakter_-_skok_-_dim_na_podu_0006.uasset" 445
"../../../demon/Content/aseti/CrniLik/trcanje-skok/skok_prasina/karakter_-_skok_-_dim_na_podu_0006_Sprite.uasset" 446
"../../../demon/Content/aseti/CrniLik/trcanje-skok/skok_prasina/karakter_-_skok_-_dim_na_podu_0007.uasset" 447
"../../../demon/Content/aseti/CrniLik/trcanje-skok/skok_prasina/karakter_-_skok_-_dim_na_podu_0007_Sprite.uasset" 448
"../../../demon/Content/aseti/CrniLik/trcanje-skok/skok_prasina/karakter_-_skok_-_dim_na_podu_0008.uasset" 449
"../../../demon/Content/aseti/CrniLik/trcanje-skok/skok_prasina/karakter_-_skok_-_dim_na_podu_0008_Sprite.uasset" 450
"../../../demon/Content/aseti/CrniLik/trcanje-skok/skok_prasina/karakter_-_skok_-_dim_na_podu_0009.uasset" 451
"../../../demon/Content/aseti/CrniLik/trcanje-skok/skok_prasina/karakter_-_skok_-_dim_na_podu_0009_Sprite.uasset" 452
"../../../demon/Content/aseti/CrniLik/trcanje-skok/skok_prasina/karakter_-_skok_-_dim_na_podu_0010.uasset" 453
"../../../demon/Content/aseti/CrniLik/trcanje-skok/skok_prasina/karakter_-_skok_-_dim_na_podu_0010_Sprite.uasset" 454
"../../../demon/Content/aseti/CrniLik/trcanje-skok/skok_prasina/skok_prasina.uasset" 455
"../../../demon/Content/aseti/CrniLik/trcanje-skok/skok_prasina/bp_prasina_skok.uasset" 456
"../../../demon/Content/aseti/CrniLik/trcanje-skok/sletanje_prasina/karakter_-_dim_na_podu_kada_naskoci0000.uasset" 457
"../../../demon/Content/aseti/CrniLik/trcanje-skok/sletanje_prasina/karakter_-_dim_na_podu_kada_naskoci0000_Sprite.uasset" 458
"../../../demon/Content/aseti/CrniLik/trcanje-skok/sletanje_prasina/karakter_-_dim_na_podu_kada_naskoci0001.uasset" 459
"../../../demon/Content/aseti/CrniLik/trcanje-skok/sletanje_prasina/karakter_-_dim_na_podu_kada_naskoci0001_Sprite.uasset" 460
"../../../demon/Content/aseti/CrniLik/trcanje-skok/sletanje_prasina/karakter_-_dim_na_podu_kada_naskoci0002.uasset" 461
"../../../demon/Content/aseti/CrniLik/trcanje-skok/sletanje_prasina/karakter_-_dim_na_podu_kada_naskoci0002_Sprite.uasset" 462
"../../../demon/Content/aseti/CrniLik/trcanje-skok/sletanje_prasina/karakter_-_dim_na_podu_kada_naskoci0003.uasset" 463
"../../../demon/Content/aseti/CrniLik/trcanje-skok/sletanje_prasina/karakter_-_dim_na_podu_kada_naskoci0003_Sprite.uasset" 464
"../../../demon/Content/aseti/CrniLik/trcanje-skok/sletanje_prasina/karakter_-_dim_na_podu_kada_naskoci0004.uasset" 465
"../../../demon/Content/aseti/CrniLik/trcanje-skok/sletanje_prasina/karakter_-_dim_na_podu_kada_naskoci0004_Sprite.uasset" 466
"../../../demon/Content/aseti/CrniLik/trcanje-skok/sletanje_prasina/karakter_-_dim_na_podu_kada_naskoci0005.uasset" 467
"../../../demon/Content/aseti/CrniLik/trcanje-skok/sletanje_prasina/karakter_-_dim_na_podu_kada_naskoci0005_Sprite.uasset" 468
"../../../demon/Content/aseti/CrniLik/trcanje-skok/sletanje_prasina/karakter_-_dim_na_podu_kada_naskoci0006.uasset" 469
"../../../demon/Content/aseti/CrniLik/trcanje-skok/sletanje_prasina/karakter_-_dim_na_podu_kada_naskoci0006_Sprite.uasset" 470
"../../../demon/Content/aseti/CrniLik/trcanje-skok/sletanje_prasina/karakter_-_dim_na_podu_kada_naskoci0007.uasset" 471
"../../../demon/Content/aseti/CrniLik/trcanje-skok/sletanje_prasina/karakter_-_dim_na_podu_kada_naskoci0007_Sprite.uasset" 472
"../../../demon/Content/aseti/CrniLik/trcanje-skok/sletanje_prasina/karakter_-_dim_na_podu_kada_naskoci0008.uasset" 473
"../../../demon/Content/aseti/CrniLik/trcanje-skok/sletanje_prasina/karakter_-_dim_na_podu_kada_naskoci0008_Sprite.uasset" 474
"../../../demon/Content/aseti/CrniLik/trcanje-skok/sletanje_prasina/karakter_-_dim_na_podu_kada_naskoci0009.uasset" 475
"../../../demon/Content/aseti/CrniLik/trcanje-skok/sletanje_prasina/karakter_-_dim_na_podu_kada_naskoci0009_Sprite.uasset" 476
"../../../demon/Content/aseti/CrniLik/trcanje-skok/sletanje_prasina/karakter_-_dim_na_podu_kada_naskoci0010.uasset" 477
"../../../demon/Content/aseti/CrniLik/trcanje-skok/sletanje_prasina/karakter_-_dim_na_podu_kada_naskoci0010_Sprite.uasset" 478
"../../../demon/Content/aseti/CrniLik/trcanje-skok/sletanje_prasina/karakter_-_dim_na_podu_kada_naskoci0011.uasset" 479
"../../../demon/Content/aseti/CrniLik/trcanje-skok/sletanje_prasina/karakter_-_dim_na_podu_kada_naskoci0011_Sprite.uasset" 480
"../../../demon/Content/aseti/CrniLik/trcanje-skok/sletanje_prasina/karakter_-_dim_na_podu_kada_naskoci0012.uasset" 481
"../../../demon/Content/aseti/CrniLik/trcanje-skok/sletanje_prasina/karakter_-_dim_na_podu_kada_naskoci0012_Sprite.uasset" 482
"../../../demon/Content/aseti/CrniLik/trcanje-skok/sletanje_prasina/karakter_-_dim_na_podu_kada_naskoci0013.uasset" 483
"../../../demon/Content/aseti/CrniLik/trcanje-skok/sletanje_prasina/karakter_-_dim_na_podu_kada_naskoci0013_Sprite.uasset" 484
"../../../demon/Content/aseti/CrniLik/trcanje-skok/sletanje_prasina/karakter_-_dim_na_podu_kada_naskoci0014.uasset" 485
"../../../demon/Content/aseti/CrniLik/trcanje-skok/sletanje_prasina/karakter_-_dim_na_podu_kada_naskoci0014_Sprite.uasset" 486
"../../../demon/Content/aseti/CrniLik/trcanje-skok/sletanje_prasina/karakter_-_dim_na_podu_kada_naskoci0015.uasset" 487
"../../../demon/Content/aseti/CrniLik/trcanje-skok/sletanje_prasina/karakter_-_dim_na_podu_kada_naskoci0015_Sprite.uasset" 488
"../../../demon/Content/aseti/CrniLik/trcanje-skok/sletanje_prasina/karakter_-_dim_na_podu_kada_naskoci0016.uasset" 489
"../../../demon/Content/aseti/CrniLik/trcanje-skok/sletanje_prasina/karakter_-_dim_na_podu_kada_naskoci0016_Sprite.uasset" 490
"../../../demon/Content/aseti/CrniLik/trcanje-skok/sletanje_prasina/karakter_-_dim_na_podu_kada_naskoci0017.uasset" 491
"../../../demon/Content/aseti/CrniLik/trcanje-skok/sletanje_prasina/karakter_-_dim_na_podu_kada_naskoci0017_Sprite.uasset" 492
"../../../demon/Content/aseti/CrniLik/trcanje-skok/sletanje_prasina/karakter_-_dim_na_podu_kada_naskoci0018.uasset" 493
"../../../demon/Content/aseti/CrniLik/trcanje-skok/sletanje_prasina/karakter_-_dim_na_podu_kada_naskoci0018_Sprite.uasset" 494
"../../../demon/Content/aseti/CrniLik/trcanje-skok/sletanje_prasina/karakter_-_dim_na_podu_kada_naskoci0019.uasset" 495
"../../../demon/Content/aseti/CrniLik/trcanje-skok/sletanje_prasina/karakter_-_dim_na_podu_kada_naskoci0019_Sprite.uasset" 496
"../../../demon/Content/aseti/CrniLik/trcanje-skok/sletanje_prasina/karakter_-_dim_na_podu_kada_naskoci0020.uasset" 497
"../../../demon/Content/aseti/CrniLik/trcanje-skok/sletanje_prasina/karakter_-_dim_na_podu_kada_naskoci0020_Sprite.uasset" 498
"../../../demon/Content/aseti/CrniLik/trcanje-skok/sletanje_prasina/karakter_-_dim_na_podu_kada_naskoci0021.uasset" 499
"../../../demon/Content/aseti/CrniLik/trcanje-skok/sletanje_prasina/karakter_-_dim_na_podu_kada_naskoci0021_Sprite.uasset" 500
"../../../demon/Content/aseti/CrniLik/trcanje-skok/sletanje_prasina/fb_prasina_sletanje.uasset" 501
"../../../demon/Content/aseti/CrniLik/trcanje-skok/sletanje_prasina/bp_prasina_skok/bp_prasina_sletanje.uasset" 502
"../../../demon/Content/aseti/CrniLik/trcanje-skok/trcanje_parsina/karakter_-_trcanje_-_dim_na_podu_0000.uasset" 503
"../../../demon/Content/aseti/CrniLik/trcanje-skok/trcanje_parsina/karakter_-_trcanje_-_dim_na_podu_0000_Sprite.uasset" 504
"../../../demon/Content/aseti/CrniLik/trcanje-skok/trcanje_parsina/karakter_-_trcanje_-_dim_na_podu_0001.uasset" 505
"../../../demon/Content/aseti/CrniLik/trcanje-skok/trcanje_parsina/karakter_-_trcanje_-_dim_na_podu_0001_Sprite.uasset" 506
"../../../demon/Content/aseti/CrniLik/trcanje-skok/trcanje_parsina/karakter_-_trcanje_-_dim_na_podu_0002.uasset" 507
"../../../demon/Content/aseti/CrniLik/trcanje-skok/trcanje_parsina/karakter_-_trcanje_-_dim_na_podu_0002_Sprite.uasset" 508
"../../../demon/Content/aseti/CrniLik/trcanje-skok/trcanje_parsina/karakter_-_trcanje_-_dim_na_podu_0003.uasset" 509
"../../../demon/Content/aseti/CrniLik/trcanje-skok/trcanje_parsina/karakter_-_trcanje_-_dim_na_podu_0003_Sprite.uasset" 510
"../../../demon/Content/aseti/CrniLik/trcanje-skok/trcanje_parsina/karakter_-_trcanje_-_dim_na_podu_0004.uasset" 511
"../../../demon/Content/aseti/CrniLik/trcanje-skok/trcanje_parsina/karakter_-_trcanje_-_dim_na_podu_0004_Sprite.uasset" 512
"../../../demon/Content/aseti/CrniLik/trcanje-skok/trcanje_parsina/karakter_-_trcanje_-_dim_na_podu_0005.uasset" 513
"../../../demon/Content/aseti/CrniLik/trcanje-skok/trcanje_parsina/karakter_-_trcanje_-_dim_na_podu_0005_Sprite.uasset" 514
"../../../demon/Content/aseti/CrniLik/trcanje-skok/trcanje_parsina/karakter_-_trcanje_-_dim_na_podu_0006.uasset" 515
"../../../demon/Content/aseti/CrniLik/trcanje-skok/trcanje_parsina/karakter_-_trcanje_-_dim_na_podu_0006_Sprite.uasset" 516
"../../../demon/Content/aseti/CrniLik/trcanje-skok/trcanje_parsina/karakter_-_trcanje_-_dim_na_podu_0007.uasset" 517
"../../../demon/Content/aseti/CrniLik/trcanje-skok/trcanje_parsina/karakter_-_trcanje_-_dim_na_podu_0007_Sprite.uasset" 518
"../../../demon/Content/aseti/CrniLik/trcanje-skok/trcanje_parsina/karakter_-_trcanje_-_dim_na_podu_0008.uasset" 519
"../../../demon/Content/aseti/CrniLik/trcanje-skok/trcanje_parsina/karakter_-_trcanje_-_dim_na_podu_0008_Sprite.uasset" 520
"../../../demon/Content/aseti/CrniLik/trcanje-skok/trcanje_parsina/karakter_-_trcanje_-_dim_na_podu_0009.uasset" 521
"../../../demon/Content/aseti/CrniLik/trcanje-skok/trcanje_parsina/karakter_-_trcanje_-_dim_na_podu_0009_Sprite.uasset" 522
"../../../demon/Content/aseti/CrniLik/trcanje-skok/trcanje_parsina/karakter_-_trcanje_-_dim_na_podu_0010.uasset" 523
"../../../demon/Content/aseti/CrniLik/trcanje-skok/trcanje_parsina/karakter_-_trcanje_-_dim_na_podu_0010_Sprite.uasset" 524
"../../../demon/Content/aseti/CrniLik/trcanje-skok/trcanje_parsina/fb_prasina.uasset" 525
"../../../demon/Content/aseti/CrniLik/trcanje-skok/trcanje_parsina/bp_prasina/bp_prasina.uasset" 526
"../../../demon/Content/aseti/prop_blupovi/bp_filter_splesh.uasset" 527
"../../../demon/Content/aseti/prop_blupovi/bp_kamera_dinamik.uasset" 528
"../../../demon/Content/aseti/prop_blupovi/bp_osnovni_kolajder.uasset" 529
"../../../demon/Content/aseti/CrniLik/bp_crnilik/niz_za_masinu_stanja_cl/niz_cl.uasset" 530
"../../../demon/Content/aseti/CrniLik/dmg/karakter_-_damage_EXPORT0000.uasset" 531
"../../../demon/Content/aseti/CrniLik/dmg/karakter_-_damage_EXPORT0000_Sprite.uasset" 532
"../../../demon/Content/aseti/CrniLik/dmg/karakter_-_damage_EXPORT0001.uasset" 533
"../../../demon/Content/aseti/CrniLik/dmg/karakter_-_damage_EXPORT0001_Sprite.uasset" 534
"../../../demon/Content/aseti/CrniLik/dmg/karakter_-_damage_EXPORT0002.uasset" 535
"../../../demon/Content/aseti/CrniLik/dmg/karakter_-_damage_EXPORT0002_Sprite.uasset" 536
"../../../demon/Content/aseti/CrniLik/dmg/karakter_-_damage_EXPORT0003.uasset" 537
"../../../demon/Content/aseti/CrniLik/dmg/karakter_-_damage_EXPORT0003_Sprite.uasset" 538
"../../../demon/Content/aseti/CrniLik/dmg/karaktan_cl_damage.uasset" 539
"../../../demon/Content/aseti/CrniLik/mirovanje/disanje_copy_20000.uasset" 540
"../../../demon/Content/aseti/CrniLik/mirovanje/disanje_copy_20000_Sprite.uasset" 541
"../../../demon/Content/aseti/CrniLik/mirovanje/disanje_copy_20001.uasset" 542
"../../../demon/Content/aseti/CrniLik/mirovanje/disanje_copy_20001_Sprite.uasset" 543
"../../../demon/Content/aseti/CrniLik/mirovanje/disanje_copy_20002.uasset" 544
"../../../demon/Content/aseti/CrniLik/mirovanje/disanje_copy_20002_Sprite.uasset" 545
"../../../demon/Content/aseti/CrniLik/mirovanje/disanje_copy_20003.uasset" 546
"../../../demon/Content/aseti/CrniLik/mirovanje/disanje_copy_20003_Sprite.uasset" 547
"../../../demon/Content/aseti/CrniLik/mirovanje/disanje_copy_20004.uasset" 548
"../../../demon/Content/aseti/CrniLik/mirovanje/disanje_copy_20004_Sprite.uasset" 549
"../../../demon/Content/aseti/CrniLik/mirovanje/disanje_copy_20005.uasset" 550
"../../../demon/Content/aseti/CrniLik/mirovanje/disanje_copy_20005_Sprite.uasset" 551
"../../../demon/Content/aseti/CrniLik/mirovanje/disanje_copy_20006.uasset" 552
"../../../demon/Content/aseti/CrniLik/mirovanje/disanje_copy_20006_Sprite.uasset" 553
"../../../demon/Content/aseti/CrniLik/mirovanje/disanje_copy_20007.uasset" 554
"../../../demon/Content/aseti/CrniLik/mirovanje/disanje_copy_20007_Sprite.uasset" 555
"../../../demon/Content/aseti/CrniLik/mirovanje/disanje_copy_20008.uasset" 556
"../../../demon/Content/aseti/CrniLik/mirovanje/disanje_copy_20008_Sprite.uasset" 557
"../../../demon/Content/aseti/CrniLik/mirovanje/disanje_copy_20009.uasset" 558
"../../../demon/Content/aseti/CrniLik/mirovanje/disanje_copy_20009_Sprite.uasset" 559
"../../../demon/Content/aseti/CrniLik/mirovanje/disanje_copy_20010.uasset" 560
"../../../demon/Content/aseti/CrniLik/mirovanje/disanje_copy_20010_Sprite.uasset" 561
"../../../demon/Content/aseti/CrniLik/mirovanje/disanje_copy_20011.uasset" 562
"../../../demon/Content/aseti/CrniLik/mirovanje/disanje_copy_20011_Sprite.uasset" 563
"../../../demon/Content/aseti/CrniLik/mirovanje/disanje_copy_20012.uasset" 564
"../../../demon/Content/aseti/CrniLik/mirovanje/disanje_copy_20012_Sprite.uasset" 565
"../../../demon/Content/aseti/CrniLik/mirovanje/disanje_copy_20013.uasset" 566
"../../../demon/Content/aseti/CrniLik/mirovanje/disanje_copy_20013_Sprite.uasset" 567
"../../../demon/Content/aseti/CrniLik/mirovanje/disanje_copy_20014.uasset" 568
"../../../demon/Content/aseti/CrniLik/mirovanje/disanje_copy_20014_Sprite.uasset" 569
"../../../demon/Content/aseti/CrniLik/mirovanje/disanje_copy_20015.uasset" 570
"../../../demon/Content/aseti/CrniLik/mirovanje/disanje_copy_20015_Sprite.uasset" 571
"../../../demon/Content/aseti/CrniLik/mirovanje/disanje_copy_20016.uasset" 572
"../../../demon/Content/aseti/CrniLik/mirovanje/disanje_copy_20016_Sprite.uasset" 573
"../../../demon/Content/aseti/CrniLik/mirovanje/disanje_copy_20017.uasset" 574
"../../../demon/Content/aseti/CrniLik/mirovanje/disanje_copy_20017_Sprite.uasset" 575
"../../../demon/Content/aseti/CrniLik/mirovanje/disanje_copy_20018.uasset" 576
"../../../demon/Content/aseti/CrniLik/mirovanje/disanje_copy_20018_Sprite.uasset" 577
"../../../demon/Content/aseti/CrniLik/mirovanje/disanje_copy_20019.uasset" 578
"../../../demon/Content/aseti/CrniLik/mirovanje/disanje_copy_20019_Sprite.uasset" 579
"../../../demon/Content/aseti/CrniLik/mirovanje/disanje_copy_20020.uasset" 580
"../../../demon/Content/aseti/CrniLik/mirovanje/disanje_copy_20020_Sprite.uasset" 581
"../../../demon/Content/aseti/CrniLik/mirovanje/disanje_copy_20021.uasset" 582
"../../../demon/Content/aseti/CrniLik/mirovanje/disanje_copy_20021_Sprite.uasset" 583
"../../../demon/Content/aseti/CrniLik/mirovanje/an_cl_mirovanje.uasset" 584
"../../../demon/Content/aseti/CrniLik/pucanje/PUCANJE_010000.uasset" 585
"../../../demon/Content/aseti/CrniLik/pucanje/PUCANJE_010000_Sprite.uasset" 586
"../../../demon/Content/aseti/CrniLik/pucanje/PUCANJE_010001.uasset" 587
"../../../demon/Content/aseti/CrniLik/pucanje/PUCANJE_010001_Sprite.uasset" 588
"../../../demon/Content/aseti/CrniLik/pucanje/PUCANJE_010002.uasset" 589
"../../../demon/Content/aseti/CrniLik/pucanje/PUCANJE_010002_Sprite.uasset" 590
"../../../demon/Content/aseti/CrniLik/pucanje/PUCANJE_010003.uasset" 591
"../../../demon/Content/aseti/CrniLik/pucanje/PUCANJE_010003_Sprite.uasset" 592
"../../../demon/Content/aseti/CrniLik/pucanje/PUCANJE_010004.uasset" 593
"../../../demon/Content/aseti/CrniLik/pucanje/PUCANJE_010004_Sprite.uasset" 594
"../../../demon/Content/aseti/CrniLik/pucanje/PUCANJE_010006.uasset" 595
"../../../demon/Content/aseti/CrniLik/pucanje/PUCANJE_010006_Sprite.uasset" 596
"../../../demon/Content/aseti/CrniLik/pucanje/an_cl_pucanje.uasset" 597
"../../../demon/Content/aseti/CrniLik/smrt/umire20000.uasset" 598
"../../../demon/Content/aseti/CrniLik/smrt/umire20000_Sprite.uasset" 599
"../../../demon/Content/aseti/CrniLik/smrt/umire20001.uasset" 600
"../../../demon/Content/aseti/CrniLik/smrt/umire20001_Sprite.uasset" 601
"../../../demon/Content/aseti/CrniLik/smrt/umire20002.uasset" 602
"../../../demon/Content/aseti/CrniLik/smrt/umire20002_Sprite.uasset" 603
"../../../demon/Content/aseti/CrniLik/smrt/umire20003.uasset" 604
"../../../demon/Content/aseti/CrniLik/smrt/umire20003_Sprite.uasset" 605
"../../../demon/Content/aseti/CrniLik/smrt/umire20004.uasset" 606
"../../../demon/Content/aseti/CrniLik/smrt/umire20004_Sprite.uasset" 607
"../../../demon/Content/aseti/CrniLik/smrt/umire20005.uasset" 608
"../../../demon/Content/aseti/CrniLik/smrt/umire20005_Sprite.uasset" 609
"../../../demon/Content/aseti/CrniLik/smrt/umire20006.uasset" 610
"../../../demon/Content/aseti/CrniLik/smrt/umire20006_Sprite.uasset" 611
"../../../demon/Content/aseti/CrniLik/smrt/umire20007.uasset" 612
"../../../demon/Content/aseti/CrniLik/smrt/umire20007_Sprite.uasset" 613
"../../../demon/Content/aseti/CrniLik/smrt/umire20008.uasset" 614
"../../../demon/Content/aseti/CrniLik/smrt/umire20008_Sprite.uasset" 615
"../../../demon/Content/aseti/CrniLik/smrt/umire20009.uasset" 616
"../../../demon/Content/aseti/CrniLik/smrt/umire20009_Sprite.uasset" 617
"../../../demon/Content/aseti/CrniLik/smrt/umire20010.uasset" 618
"../../../demon/Content/aseti/CrniLik/smrt/umire20010_Sprite.uasset" 619
"../../../demon/Content/aseti/CrniLik/smrt/umire20011.uasset" 620
"../../../demon/Content/aseti/CrniLik/smrt/umire20011_Sprite.uasset" 621
"../../../demon/Content/aseti/CrniLik/smrt/umire20012.uasset" 622
"../../../demon/Content/aseti/CrniLik/smrt/umire20012_Sprite.uasset" 623
"../../../demon/Content/aseti/CrniLik/smrt/an_cl_smrt.uasset" 624
"../../../demon/Content/aseti/CrniLik/teleport/izlaz/karakter_-_TELEPORT_izlaz0000.uasset" 625
"../../../demon/Content/aseti/CrniLik/teleport/izlaz/karakter_-_TELEPORT_izlaz0000_Sprite.uasset" 626
"../../../demon/Content/aseti/CrniLik/teleport/izlaz/karakter_-_TELEPORT_izlaz0001.uasset" 627
"../../../demon/Content/aseti/CrniLik/teleport/izlaz/karakter_-_TELEPORT_izlaz0001_Sprite.uasset" 628
"../../../demon/Content/aseti/CrniLik/teleport/izlaz/karakter_-_TELEPORT_izlaz0002.uasset" 629
"../../../demon/Content/aseti/CrniLik/teleport/izlaz/karakter_-_TELEPORT_izlaz0002_Sprite.uasset" 630
"../../../demon/Content/aseti/CrniLik/teleport/izlaz/karakter_-_TELEPORT_izlaz0003.uasset" 631
"../../../demon/Content/aseti/CrniLik/teleport/izlaz/karakter_-_TELEPORT_izlaz0003_Sprite.uasset" 632
"../../../demon/Content/aseti/CrniLik/teleport/izlaz/karakter_-_TELEPORT_izlaz0004.uasset" 633
"../../../demon/Content/aseti/CrniLik/teleport/izlaz/karakter_-_TELEPORT_izlaz0004_Sprite.uasset" 634
"../../../demon/Content/aseti/CrniLik/teleport/izlaz/karakter_-_TELEPORT_izlaz0005.uasset" 635
"../../../demon/Content/aseti/CrniLik/teleport/izlaz/karakter_-_TELEPORT_izlaz0005_Sprite.uasset" 636
"../../../demon/Content/aseti/CrniLik/teleport/izlaz/karakter_-_TELEPORT_izlaz0006.uasset" 637
"../../../demon/Content/aseti/CrniLik/teleport/izlaz/karakter_-_TELEPORT_izlaz0006_Sprite.uasset" 638
"../../../demon/Content/aseti/CrniLik/teleport/izlaz/an_cl_TELEPORT_izlaz.uasset" 639
"../../../demon/Content/aseti/CrniLik/teleport/ulaz/karakter_-_TELEPORT_ulaz0000.uasset" 640
"../../../demon/Content/aseti/CrniLik/teleport/ulaz/karakter_-_TELEPORT_ulaz0000_Sprite.uasset" 641
"../../../demon/Content/aseti/CrniLik/teleport/ulaz/karakter_-_TELEPORT_ulaz0001.uasset" 642
"../../../demon/Content/aseti/CrniLik/teleport/ulaz/karakter_-_TELEPORT_ulaz0001_Sprite.uasset" 643
"../../../demon/Content/aseti/CrniLik/teleport/ulaz/karakter_-_TELEPORT_ulaz0002.uasset" 644
"../../../demon/Content/aseti/CrniLik/teleport/ulaz/karakter_-_TELEPORT_ulaz0002_Sprite.uasset" 645
"../../../demon/Content/aseti/CrniLik/teleport/ulaz/karakter_-_TELEPORT_ulaz0003.uasset" 646
"../../../demon/Content/aseti/CrniLik/teleport/ulaz/karakter_-_TELEPORT_ulaz0003_Sprite.uasset" 647
"../../../demon/Content/aseti/CrniLik/teleport/ulaz/karakter_-_TELEPORT_ulaz0004.uasset" 648
"../../../demon/Content/aseti/CrniLik/teleport/ulaz/karakter_-_TELEPORT_ulaz0004_Sprite.uasset" 649
"../../../demon/Content/aseti/CrniLik/teleport/ulaz/karakter_-_TELEPORT_ulaz0005.uasset" 650
"../../../demon/Content/aseti/CrniLik/teleport/ulaz/karakter_-_TELEPORT_ulaz0005_Sprite.uasset" 651
"../../../demon/Content/aseti/CrniLik/teleport/ulaz/karakter_-_TELEPORT_ulaz0006.uasset" 652
"../../../demon/Content/aseti/CrniLik/teleport/ulaz/karakter_-_TELEPORT_ulaz0006_Sprite.uasset" 653
"../../../demon/Content/aseti/CrniLik/teleport/ulaz/an_cl_TELEPORT_ulaz.uasset" 654
"../../../demon/Content/aseti/CrniLik/trcanje-skok/Character-hd-skok_i_treptaj.uasset" 655
"../../../demon/Content/aseti/CrniLik/trcanje-skok/Character-hd-skok_i_treptaj_Sprite_15.uasset" 656
"../../../demon/Content/aseti/CrniLik/trcanje-skok/Character-hd-skok_i_treptaj_Sprite_16.uasset" 657
"../../../demon/Content/aseti/CrniLik/trcanje-skok/Character-hd-skok_i_treptaj_Sprite_17.uasset" 658
"../../../demon/Content/aseti/CrniLik/trcanje-skok/Character-hd-skok_i_treptaj_Sprite_18.uasset" 659
"../../../demon/Content/aseti/CrniLik/trcanje-skok/Character-hd-skok_i_treptaj_Sprite_19.uasset" 660
"../../../demon/Content/aseti/CrniLik/trcanje-skok/Character-hd-skok_i_treptaj_Sprite_20.uasset" 661
"../../../demon/Content/aseti/CrniLik/trcanje-skok/an_cl_skok.uasset" 662
"../../../demon/Content/aseti/CrniLik/trcanje-skok/Character-hd-skok_i_treptaj_Sprite_10.uasset" 663
"../../../demon/Content/aseti/CrniLik/trcanje-skok/Character-hd-skok_i_treptaj_Sprite_11.uasset" 664
"../../../demon/Content/aseti/CrniLik/trcanje-skok/Character-hd-skok_i_treptaj_Sprite_12.uasset" 665
"../../../demon/Content/aseti/CrniLik/trcanje-skok/Character-hd-skok_i_treptaj_Sprite_13.uasset" 666
"../../../demon/Content/aseti/CrniLik/trcanje-skok/Character-hd-skok_i_treptaj_Sprite_14.uasset" 667
"../../../demon/Content/aseti/CrniLik/trcanje-skok/Character-hd-skok_i_treptaj_Sprite_8.uasset" 668
"../../../demon/Content/aseti/CrniLik/trcanje-skok/Character-hd-skok_i_treptaj_Sprite_9.uasset" 669
"../../../demon/Content/aseti/CrniLik/trcanje-skok/an_cl_trcanje.uasset" 670
"../../../demon/Content/aseti/Krava/efekti/dim_sletanje/dim-skok0039.uasset" 671
"../../../demon/Content/aseti/Krava/efekti/dim_sletanje/dim-skok0039_Sprite.uasset" 672
"../../../demon/Content/aseti/Krava/efekti/dim_sletanje/dim-skok0040.uasset" 673
"../../../demon/Content/aseti/Krava/efekti/dim_sletanje/dim-skok0040_Sprite.uasset" 674
"../../../demon/Content/aseti/Krava/efekti/dim_sletanje/dim-skok0041.uasset" 675
"../../../demon/Content/aseti/Krava/efekti/dim_sletanje/dim-skok0041_Sprite.uasset" 676
"../../../demon/Content/aseti/Krava/efekti/dim_sletanje/dim-skok0042.uasset" 677
"../../../demon/Content/aseti/Krava/efekti/dim_sletanje/dim-skok0042_Sprite.uasset" 678
"../../../demon/Content/aseti/Krava/efekti/dim_sletanje/dim-skok0043.uasset" 679
"../../../demon/Content/aseti/Krava/efekti/dim_sletanje/dim-skok0043_Sprite.uasset" 680
"../../../demon/Content/aseti/Krava/efekti/dim_sletanje/dim-skok0044.uasset" 681
"../../../demon/Content/aseti/Krava/efekti/dim_sletanje/dim-skok0044_Sprite.uasset" 682
"../../../demon/Content/aseti/Krava/efekti/dim_sletanje/fb_dim-skok-krava.uasset" 683
"../../../demon/Content/aseti/Krava/efekti/dim_sletanje/bp_krava_naskok_dim.uasset" 684
"../../../demon/Content/aseti/Krava/efekti/dim_uzletanje/dim-skok0020.uasset" 685
"../../../demon/Content/aseti/Krava/efekti/dim_uzletanje/dim-skok0020_Sprite.uasset" 686
"../../../demon/Content/aseti/Krava/efekti/dim_uzletanje/dim-skok0021.uasset" 687
"../../../demon/Content/aseti/Krava/efekti/dim_uzletanje/dim-skok0021_Sprite.uasset" 688
"../../../demon/Content/aseti/Krava/efekti/dim_uzletanje/dim-skok0022.uasset" 689
"../../../demon/Content/aseti/Krava/efekti/dim_uzletanje/dim-skok0022_Sprite.uasset" 690
"../../../demon/Content/aseti/Krava/efekti/dim_uzletanje/dim-skok0023.uasset" 691
"../../../demon/Content/aseti/Krava/efekti/dim_uzletanje/dim-skok0023_Sprite.uasset" 692
"../../../demon/Content/aseti/Krava/efekti/dim_uzletanje/dim-skok0024.uasset" 693
"../../../demon/Content/aseti/Krava/efekti/dim_uzletanje/dim-skok0024_Sprite.uasset" 694
"../../../demon/Content/aseti/Krava/efekti/dim_uzletanje/dim-skok0025.uasset" 695
"../../../demon/Content/aseti/Krava/efekti/dim_uzletanje/dim-skok0025_Sprite.uasset" 696
"../../../demon/Content/aseti/Krava/efekti/dim_uzletanje/dim-skok0036.uasset" 697
"../../../demon/Content/aseti/Krava/efekti/dim_uzletanje/dim-skok0036_Sprite.uasset" 698
"../../../demon/Content/aseti/Krava/efekti/dim_uzletanje/dim-skok0037.uasset" 699
"../../../demon/Content/aseti/Krava/efekti/dim_uzletanje/dim-skok0037_Sprite.uasset" 700
"../../../demon/Content/aseti/Krava/efekti/dim_uzletanje/dim-skok0038.uasset" 701
"../../../demon/Content/aseti/Krava/efekti/dim_uzletanje/dim-skok0038_Sprite.uasset" 702
"../../../demon/Content/aseti/Krava/efekti/dim_uzletanje/dim-odskok-krava.uasset" 703
"../../../demon/Content/aseti/Krava/efekti/dim_uzletanje/bp_dim_odskok_krava.uasset" 704
"../../../demon/Content/aseti/Krava/disanje/Cow-Breath-Test-1__10_.uasset" 705
"../../../demon/Content/aseti/Krava/disanje/Cow-Breath-Test-1__10__Sprite.uasset" 706
"../../../demon/Content/aseti/Krava/disanje/Cow-Breath-Test-1__11_.uasset" 707
"../../../demon/Content/aseti/Krava/disanje/Cow-Breath-Test-1__11__Sprite.uasset" 708
"../../../demon/Content/aseti/Krava/disanje/Cow-Breath-Test-1__12_.uasset" 709
"../../../demon/Content/aseti/Krava/disanje/Cow-Breath-Test-1__12__Sprite.uasset" 710
"../../../demon/Content/aseti/Krava/disanje/Cow-Breath-Test-1__13_.uasset" 711
"../../../demon/Content/aseti/Krava/disanje/Cow-Breath-Test-1__13__Sprite.uasset" 712
"../../../demon/Content/aseti/Krava/disanje/Cow-Breath-Test-1__14_.uasset" 713
"../../../demon/Content/aseti/Krava/disanje/Cow-Breath-Test-1__14__Sprite.uasset" 714
"../../../demon/Content/aseti/Krava/disanje/Cow-Breath-Test-1__15_.uasset" 715
"../../../demon/Content/aseti/Krava/disanje/Cow-Breath-Test-1__15__Sprite.uasset" 716
"../../../demon/Content/aseti/Krava/disanje/Cow-Breath-Test-1__16_.uasset" 717
"../../../demon/Content/aseti/Krava/disanje/Cow-Breath-Test-1__16__Sprite.uasset" 718
"../../../demon/Content/aseti/Krava/disanje/Cow-Breath-Test-1__17_.uasset" 719
"../../../demon/Content/aseti/Krava/disanje/Cow-Breath-Test-1__17__Sprite.uasset" 720
"../../../demon/Content/aseti/Krava/disanje/Cow-Breath-Test-1__18_.uasset" 721
"../../../demon/Content/aseti/Krava/disanje/Cow-Breath-Test-1__18__Sprite.uasset" 722
"../../../demon/Content/aseti/Krava/disanje/Cow-Breath-Test-1__19_.uasset" 723
"../../../demon/Content/aseti/Krava/disanje/Cow-Breath-Test-1__19__Sprite.uasset" 724
"../../../demon/Content/aseti/Krava/disanje/Cow-Breath-Test-1__1_.uasset" 725
"../../../demon/Content/aseti/Krava/disanje/Cow-Breath-Test-1__1__Sprite.uasset" 726
"../../../demon/Content/aseti/Krava/disanje/Cow-Breath-Test-1__20_.uasset" 727
"../../../demon/Content/aseti/Krava/disanje/Cow-Breath-Test-1__20__Sprite.uasset" 728
"../../../demon/Content/aseti/Krava/disanje/Cow-Breath-Test-1__2_.uasset" 729
"../../../demon/Content/aseti/Krava/disanje/Cow-Breath-Test-1__2__Sprite.uasset" 730
"../../../demon/Content/aseti/Krava/disanje/Cow-Breath-Test-1__3_.uasset" 731
"../../../demon/Content/aseti/Krava/disanje/Cow-Breath-Test-1__3__Sprite.uasset" 732
"../../../demon/Content/aseti/Krava/disanje/Cow-Breath-Test-1__4_.uasset" 733
"../../../demon/Content/aseti/Krava/disanje/Cow-Breath-Test-1__4__Sprite.uasset" 734
"../../../demon/Content/aseti/Krava/disanje/Cow-Breath-Test-1__5_.uasset" 735
"../../../demon/Content/aseti/Krava/disanje/Cow-Breath-Test-1__5__Sprite.uasset" 736
"../../../demon/Content/aseti/Krava/disanje/Cow-Breath-Test-1__6_.uasset" 737
"../../../demon/Content/aseti/Krava/disanje/Cow-Breath-Test-1__6__Sprite.uasset" 738
"../../../demon/Content/aseti/Krava/disanje/Cow-Breath-Test-1__7_.uasset" 739
"../../../demon/Content/aseti/Krava/disanje/Cow-Breath-Test-1__7__Sprite.uasset" 740
"../../../demon/Content/aseti/Krava/disanje/Cow-Breath-Test-1__8_.uasset" 741
"../../../demon/Content/aseti/Krava/disanje/Cow-Breath-Test-1__8__Sprite.uasset" 742
"../../../demon/Content/aseti/Krava/disanje/Cow-Breath-Test-1__9_.uasset" 743
"../../../demon/Content/aseti/Krava/disanje/Cow-Breath-Test-1__9__Sprite.uasset" 744
"../../../demon/Content/aseti/Krava/disanje/fb_disanje.uasset" 745
"../../../demon/Content/aseti/Krava/nizovi_za_masinu_stanja_krave/krava_masina_stanja.uasset" 746
"../../../demon/Content/aseti/Krava/skok/final-0029.uasset" 747
"../../../demon/Content/aseti/Krava/skok/final-0029_Sprite.uasset" 748
"../../../demon/Content/aseti/Krava/skok/final-0030.uasset" 749
"../../../demon/Content/aseti/Krava/skok/final-0030_Sprite.uasset" 750
"../../../demon/Content/aseti/Krava/skok/final-0031.uasset" 751
"../../../demon/Content/aseti/Krava/skok/final-0031_Sprite.uasset" 752
"../../../demon/Content/aseti/Krava/skok/final-0032.uasset" 753
"../../../demon/Content/aseti/Krava/skok/final-0032_Sprite.uasset" 754
"../../../demon/Content/aseti/Krava/skok/final-0033.uasset" 755
"../../../demon/Content/aseti/Krava/skok/final-0033_Sprite.uasset" 756
"../../../demon/Content/aseti/Krava/skok/final-0034.uasset" 757
"../../../demon/Content/aseti/Krava/skok/final-0034_Sprite.uasset" 758
"../../../demon/Content/aseti/Krava/skok/final-0035.uasset" 759
"../../../demon/Content/aseti/Krava/skok/final-0035_Sprite.uasset" 760
"../../../demon/Content/aseti/Krava/skok/final-0036.uasset" 761
"../../../demon/Content/aseti/Krava/skok/final-0036_Sprite.uasset" 762
"../../../demon/Content/aseti/Krava/skok/fb_padnje_krava.uasset" 763
"../../../demon/Content/aseti/Krava/skok/final-0023.uasset" 764
"../../../demon/Content/aseti/Krava/skok/final-0023_Sprite.uasset" 765
"../../../demon/Content/aseti/Krava/skok/final-0024.uasset" 766
"../../../demon/Content/aseti/Krava/skok/final-0024_Sprite.uasset" 767
"../../../demon/Content/aseti/Krava/skok/final-0025.uasset" 768
"../../../demon/Content/aseti/Krava/skok/final-0025_Sprite.uasset" 769
"../../../demon/Content/aseti/Krava/skok/final-0026.uasset" 770
"../../../demon/Content/aseti/Krava/skok/final-0026_Sprite.uasset" 771
"../../../demon/Content/aseti/Krava/skok/final-0027.uasset" 772
"../../../demon/Content/aseti/Krava/skok/final-0027_Sprite.uasset" 773
"../../../demon/Content/aseti/Krava/skok/fb_penjanje_krava.uasset" 774
"../../../demon/Content/aseti/Krava/skok/final-0021.uasset" 775
"../../../demon/Content/aseti/Krava/skok/final-0021_Sprite.uasset" 776
"../../../demon/Content/aseti/Krava/skok/final-0022.uasset" 777
"../../../demon/Content/aseti/Krava/skok/final-0022_Sprite.uasset" 778
"../../../demon/Content/aseti/Krava/skok/fb_skok_krava_odskok.uasset" 779
"../../../demon/Content/aseti/Krava/skok/final-0037.uasset" 780
"../../../demon/Content/aseti/Krava/skok/final-0037_Sprite.uasset" 781
"../../../demon/Content/aseti/Krava/skok/final-0038.uasset" 782
"../../../demon/Content/aseti/Krava/skok/final-0038_Sprite.uasset" 783
"../../../demon/Content/aseti/Krava/skok/final-0039.uasset" 784
"../../../demon/Content/aseti/Krava/skok/final-0039_Sprite.uasset" 785
"../../../demon/Content/aseti/Krava/skok/final-0040.uasset" 786
"../../../demon/Content/aseti/Krava/skok/final-0040_Sprite.uasset" 787
"../../../demon/Content/aseti/Krava/skok/fb_sletanje_krava.uasset" 788
"../../../demon/Content/aseti/Krava/trcanje1/final-0003.uasset" 789
"../../../demon/Content/aseti/Krava/trcanje1/final-0003_Sprite.uasset" 790
"../../../demon/Content/aseti/Krava/trcanje1/final-0004.uasset" 791
"../../../demon/Content/aseti/Krava/trcanje1/final-0004_Sprite.uasset" 792
"../../../demon/Content/aseti/Krava/trcanje1/final-0005.uasset" 793
"../../../demon/Content/aseti/Krava/trcanje1/final-0005_Sprite.uasset" 794
"../../../demon/Content/aseti/Krava/trcanje1/final-0006.uasset" 795
"../../../demon/Content/aseti/Krava/trcanje1/final-0006_Sprite.uasset" 796
"../../../demon/Content/aseti/Krava/trcanje1/final-0007.uasset" 797
"../../../demon/Content/aseti/Krava/trcanje1/final-0007_Sprite.uasset" 798
"../../../demon/Content/aseti/Krava/trcanje1/final-0008.uasset" 799
"../../../demon/Content/aseti/Krava/trcanje1/final-0008_Sprite.uasset" 800
"../../../demon/Content/aseti/Krava/trcanje1/final-0009.uasset" 801
"../../../demon/Content/aseti/Krava/trcanje1/final-0009_Sprite.uasset" 802
"../../../demon/Content/aseti/Krava/trcanje1/final-0010.uasset" 803
"../../../demon/Content/aseti/Krava/trcanje1/final-0010_Sprite.uasset" 804
"../../../demon/Content/aseti/Krava/trcanje1/final-0011.uasset" 805
"../../../demon/Content/aseti/Krava/trcanje1/final-0011_Sprite.uasset" 806
"../../../demon/Content/aseti/Krava/trcanje1/final-0012.uasset" 807
"../../../demon/Content/aseti/Krava/trcanje1/final-0012_Sprite.uasset" 808
"../../../demon/Content/aseti/Krava/trcanje1/final-0013.uasset" 809
"../../../demon/Content/aseti/Krava/trcanje1/final-0013_Sprite.uasset" 810
"../../../demon/Content/aseti/Krava/trcanje1/final-0014.uasset" 811
"../../../demon/Content/aseti/Krava/trcanje1/final-0014_Sprite.uasset" 812
"../../../demon/Content/aseti/Krava/trcanje1/final-0015.uasset" 813
"../../../demon/Content/aseti/Krava/trcanje1/final-0015_Sprite.uasset" 814
"../../../demon/Content/aseti/Krava/trcanje1/final-0016.uasset" 815
"../../../demon/Content/aseti/Krava/trcanje1/final-0016_Sprite.uasset" 816
"../../../demon/Content/aseti/Krava/trcanje1/final-0017.uasset" 817
"../../../demon/Content/aseti/Krava/trcanje1/final-0017_Sprite.uasset" 818
"../../../demon/Content/aseti/Krava/trcanje1/fb_trcanje1.uasset" 819
"../../../demon/Content/aseti/Krava/bp_krava.uasset" 820
"../../../demon/Content/aseti/GUI/healt/health_bar_01-02_front.uasset" 821
"../../../demon/Content/aseti/GUI/healt/health_bar_01-03_back.uasset" 822
"../../../demon/Content/aseti/GUI/healt/wg_healt.uasset" 823
"../../../demon/Content/aseti/GUI/umor_sistem/umor.uasset" 824
"../../../demon/Content/aseti/CrniLik/bp_crnilik/crnilik.uasset" 825
"../../../demon/Content/aseti/mape/modovi/vs_mod.uasset" 826
"../../../demon/Content/aseti/prop_blupovi/bp_kamera_statik.uasset" 827
"../../../demon/Content/aseti/prop_blupovi/bp_kolajder_bez_filtera.uasset" 828
"../../../demon/Content/aseti/prop_blupovi/oblak_sprajtovi/PLATFORMA0000.uasset" 829
"../../../demon/Content/aseti/prop_blupovi/oblak_sprajtovi/PLATFORMA0000_Sprite.uasset" 830
"../../../demon/Content/aseti/prop_blupovi/oblak_sprajtovi/PLATFORMA0001.uasset" 831
"../../../demon/Content/aseti/prop_blupovi/oblak_sprajtovi/PLATFORMA0001_Sprite.uasset" 832
"../../../demon/Content/aseti/prop_blupovi/oblak_sprajtovi/PLATFORMA0002.uasset" 833
"../../../demon/Content/aseti/prop_blupovi/oblak_sprajtovi/PLATFORMA0002_Sprite.uasset" 834
"../../../demon/Content/aseti/prop_blupovi/oblak_sprajtovi/PLATFORMA0003.uasset" 835
"../../../demon/Content/aseti/prop_blupovi/oblak_sprajtovi/PLATFORMA0003_Sprite.uasset" 836
"../../../demon/Content/aseti/prop_blupovi/oblak_sprajtovi/PLATFORMA0004.uasset" 837
"../../../demon/Content/aseti/prop_blupovi/oblak_sprajtovi/PLATFORMA0004_Sprite.uasset" 838
"../../../demon/Content/aseti/prop_blupovi/oblak_sprajtovi/PLATFORMA0005.uasset" 839
"../../../demon/Content/aseti/prop_blupovi/oblak_sprajtovi/PLATFORMA0005_Sprite.uasset" 840
"../../../demon/Content/aseti/prop_blupovi/oblak_sprajtovi/PLATFORMA0006.uasset" 841
"../../../demon/Content/aseti/prop_blupovi/oblak_sprajtovi/PLATFORMA0006_Sprite.uasset" 842
"../../../demon/Content/aseti/prop_blupovi/oblak_sprajtovi/PLATFORMA0007.uasset" 843
"../../../demon/Content/aseti/prop_blupovi/oblak_sprajtovi/PLATFORMA0007_Sprite.uasset" 844
"../../../demon/Content/aseti/prop_blupovi/oblak_sprajtovi/PLATFORMA0008.uasset" 845
"../../../demon/Content/aseti/prop_blupovi/oblak_sprajtovi/PLATFORMA0008_Sprite.uasset" 846
"../../../demon/Content/aseti/prop_blupovi/oblak_sprajtovi/PLATFORMA0009.uasset" 847
"../../../demon/Content/aseti/prop_blupovi/oblak_sprajtovi/PLATFORMA0009_Sprite.uasset" 848
"../../../demon/Content/aseti/prop_blupovi/oblak_sprajtovi/fb_oblak.uasset" 849
"../../../demon/Content/aseti/prop_blupovi/obalk_bp/bp_oblak.uasset" 850
"../../../demon/Content/aseti/mape/astek/astek_BuiltData.uasset" 851
"../../../Engine/Content/MapTemplates/Bokeh_5Sides.uasset" 852
"../../../Engine/Content/MapTemplates/T_ScreenDirt02_w.uasset" 853
"../../../demon/Content/aseti/GUI/loading/sprite-loading-blaack.uasset" 854
"../../../demon/Content/aseti/GUI/loading/loading.uasset" 855
"../../../demon/Content/aseti/GUI/loading/loding.uasset" 856
"../../../demon/Content/aseti/GUI/menu/meni_opcije.uasset" 857
"../../../demon/Content/aseti/GUI/menu/aseti_meni/in_game_menu-player1_wins.uasset" 858
"../../../demon/Content/aseti/GUI/menu/aseti_meni/in_game_menu-player1_wins_Sprite.uasset" 859
"../../../demon/Content/aseti/GUI/tajmer/player_won/player_1.uasset" 860
"../../../demon/Content/aseti/GUI/menu/aseti_meni/in_game_menu-player2_wins.uasset" 861
"../../../demon/Content/aseti/GUI/menu/aseti_meni/in_game_menu-player2_wins_Sprite.uasset" 862
"../../../demon/Content/aseti/GUI/tajmer/player_won/player_2.uasset" 863
"../../../demon/Content/aseti/GUI/tajmer/wg_tajmer.uasset" 864
"../../../demon/Content/aseti/mape/astek/astek_aseti/arena--_0004_oblaci.uasset" 865
"../../../demon/Content/aseti/mape/astek/astek_aseti/arena--_0004_oblaci_Sprite.uasset" 866
"../../../demon/Content/aseti/mape/astek/astek_aseti/arena--_0005_pozadina.uasset" 867
"../../../demon/Content/aseti/mape/astek/astek_aseti/arena--_0005_pozadina_Sprite.uasset" 868
"../../../demon/Content/aseti/mape/astek/astek_aseti/arena-pozadina1.uasset" 869
"../../../demon/Content/aseti/mape/astek/astek_aseti/arena-pozadina1_Sprite.uasset" 870
"../../../demon/Content/aseti/mape/astek/astek_aseti/palma01.uasset" 871
"../../../demon/Content/aseti/mape/astek/astek_aseti/palma01_Sprite.uasset" 872
"../../../demon/Content/aseti/mape/astek/astek_aseti/palma02.uasset" 873
"../../../demon/Content/aseti/mape/astek/astek_aseti/palma02_Sprite.uasset" 874
"../../../demon/Content/aseti/mape/astek/astek_aseti/palma03.uasset" 875
"../../../demon/Content/aseti/mape/astek/astek_aseti/palma03_Sprite.uasset" 876
"../../../demon/Content/aseti/mape/astek/astek.umap" 877
